2021-12-28 21:04:08,503 INFO count_the_numbers : First number: 3.0, Second number: 4.0, Operator: +
2021-12-28 21:04:40,056 INFO count_the_numbers : First number: 9.0, Second number: 7.0, Operator: l
2021-12-28 21:04:40,056 ERROR count_the_numbers : Invalid operator: l
2021-12-28 21:07:12,182 INFO count_the_numbers : First number: 5.0, Second number: 8.0, Operator: $
2021-12-28 21:07:12,183 ERROR count_the_numbers : Invalid operator: $
2021-12-28 21:11:08,310 INFO count_the_numbers : First number: 3.0, Second number: 0.0, Operator: /
2021-12-28 21:11:08,311 ERROR count_the_numbers : Division by zero
2021-12-28 21:16:48,987 INFO count_the_numbers : First number: 3.0, Second number: 1.0, Operator: +
2021-12-28 21:16:58,973 INFO count_the_numbers : First number: 4.0, Second number: 3.0, Operator: -
2021-12-28 21:20:02,855 INFO count_the_numbers : First number: 2.0, Second number: 1.0, Operator: -
2021-12-28 21:20:02,856 INFO count_the_numbers : result: 1.0
2021-12-28 21:20:33,308 INFO count_the_numbers : First number: 5.0, Second number: 7.0, Operator: +
2021-12-28 21:20:33,308 INFO count_the_numbers : result: 12.0
2021-12-28 21:26:47,159 INFO count_the_numbers : First number: 5, Second number: 9, Operator: +
2021-12-28 21:26:47,159 INFO count_the_numbers : result: 14.0
2021-12-28 21:31:30,706 INFO count_the_numbers : First number: t, Second number: 3, Operator: +
2021-12-28 21:31:30,707 ERROR count_the_numbers : ValueError: could not convert string to int/float: t, 3
2021-12-28 21:33:14,522 INFO count_the_numbers : First number: r, Second number: d, Operator: -
2021-12-28 21:34:22,602 INFO count_the_numbers : First number: d, Second number: e, Operator: =
2021-12-28 21:36:33,260 INFO count_the_numbers : First number: t, Second number: t, Operator: +
2021-12-28 21:37:18,509 INFO count_the_numbers : First number: t, Second number: t, Operator: -
2021-12-28 21:38:28,525 INFO count_the_numbers : First number: r, Second number: r, Operator: +
2021-12-28 21:39:06,504 INFO count_the_numbers : First number: t, Second number: o, Operator: -
2021-12-28 21:39:38,901 INFO count_the_numbers : First number: t, Second number: t, Operator: -
2021-12-28 21:40:02,356 INFO count_the_numbers : First number: f, Second number: f, Operator: -
2021-12-28 21:40:57,382 INFO count_the_numbers : First number: o, Second number: o, Operator: -
2021-12-28 21:41:41,533 INFO count_the_numbers : First number: v, Second number: v, Operator: -
2021-12-28 21:42:48,655 INFO count_the_numbers : First number: r, Second number: +, Operator: 
2021-12-28 22:03:13,855 INFO count_the_numbers : First number: 5, Second number: 56, Operator: *
2021-12-28 22:03:13,855 INFO count_the_numbers : result: 280.0
2021-12-28 22:03:31,002 INFO count_the_numbers : First number: g, Second number: 9, Operator: +
2021-12-28 22:03:31,003 ERROR count_the_numbers : ValueError: could not convert string to float: First number - g, Second number - 9
2021-12-28 22:03:47,544 INFO count_the_numbers : First number: h, Second number: l, Operator: +
2021-12-28 22:04:12,337 INFO count_the_numbers : First number: 8, Second number: l, Operator: +
2021-12-28 22:04:26,647 INFO count_the_numbers : First number: t, Second number: k, Operator: +
2021-12-28 22:04:26,648 ERROR count_the_numbers : ValueError: could not convert string to float: First number - t, Second number - k
2021-12-28 22:04:35,174 INFO count_the_numbers : First number: 8, Second number: l, Operator: +
2021-12-28 22:04:46,313 INFO count_the_numbers : First number: 7, Second number: j, Operator: +
2021-12-28 22:04:46,313 ERROR count_the_numbers : ValueError: could not convert string to float: First number - 7, Second number - j
2021-12-28 22:04:55,051 INFO count_the_numbers : First number: r, Second number: l, Operator: +
2021-12-28 22:04:55,052 ERROR count_the_numbers : ValueError: could not convert string to float: First number - r, Second number - l
2021-12-28 22:05:52,253 INFO count_the_numbers : First number: 6, Second number: 9, Operator: =
2021-12-28 22:05:52,254 ERROR count_the_numbers : Invalid operator: =
2021-12-28 22:09:27,216 INFO count_the_numbers : First number: y, Second number: 9, Operator: +
2021-12-28 22:09:27,216 ERROR count_the_numbers : ValueError: could not convert string to float: First number - y, Second number - 9
2021-12-28 22:10:08,879 INFO count_the_numbers : First number: y, Second number: o, Operator: +
2021-12-28 22:10:08,880 ERROR count_the_numbers : ValueError: could not convert string to int/float: First number - y, Second number - o
2021-12-28 22:10:56,546 INFO count_the_numbers : First number: t, Second number: 0, Operator: -
2021-12-28 22:10:56,547 ERROR count_the_numbers : ValueError: could not convert string to int/float: First number - t, Second number - 0
2021-12-29 04:51:19,089 INFO count_the_numbers : First number: 5.7, Second number: 8.9, Operator: +
2021-12-29 04:51:19,090 ERROR count_the_numbers : ValueError: could not convert string to int/float: First number - 5.7, Second number - 8.9
2021-12-29 04:51:44,194 INFO count_the_numbers : First number: 6,8, Second number: 6, Operator: +
2021-12-29 04:51:44,195 ERROR count_the_numbers : ValueError: could not convert string to int/float: First number - 6,8, Second number - 6
2021-12-29 04:54:06,281 INFO count_the_numbers : First number: 6, Second number: 8, Operator: +
2021-12-29 04:54:06,282 INFO count_the_numbers : result: 14
2021-12-29 04:54:35,840 INFO count_the_numbers : First number: 8, Second number: 9, Operator: =
2021-12-29 04:54:35,841 ERROR count_the_numbers : Invalid operator: =
2021-12-29 04:54:51,402 INFO count_the_numbers : First number: 6, Second number: 0, Operator: /
2021-12-29 04:54:51,402 ERROR count_the_numbers : Division by zero
